This file contains any messages produced by compilers while
running configure, to aid debugging if configure makes a mistake.

It was created by SPTK configure 3.9, which was
generated by GNU Autoconf 2.69.  Invocation command line was

  $ ./configure --prefix=/mnt/c/Users/ABC/TTS/03_spss/tools/SPTK-3.9/build

## --------- ##
## Platform. ##
## --------- ##

hostname = DESKTOP-5LRCCAN
uname -m = x86_64
uname -r = 5.10.102.1-microsoft-standard-WSL2
uname -s = Linux
uname -v = #1 SMP Wed Mar 2 00:30:59 UTC 2022

/usr/bin/uname -p = x86_64
/bin/uname -X     = unknown

/bin/arch              = x86_64
/usr/bin/arch -k       = unknown
/usr/convex/getsysinfo = unknown
/usr/bin/hostinfo      = unknown
/bin/machine           = unknown
/usr/bin/oslevel       = unknown
/bin/universe          = unknown

PATH: /home/xiao/anaconda3/bin
PATH: /home/xiao/anaconda3/condabin
PATH: /usr/local/sbin
PATH: /usr/local/bin
PATH: /usr/sbin
PATH: /usr/bin
PATH: /sbin
PATH: /bin
PATH: /usr/games
PATH: /usr/local/games
PATH: /usr/lib/wsl/lib
PATH: /mnt/c/Program Files/NVIDIA GPU Computing Toolkit/CUDA/v11.7/bin
PATH: /mnt/c/Program Files/NVIDIA GPU Computing Toolkit/CUDA/v11.7/libnvvp
PATH: /mnt/c/Program Files/Microsoft/jdk-11.0.12.7-hotspot/bin
PATH: /mnt/c/Windows/system32
PATH: /mnt/c/Windows
PATH: /mnt/c/Windows/System32/Wbem
PATH: /mnt/c/Windows/System32/WindowsPowerShell/v1.0
PATH: /mnt/c/Windows/System32/OpenSSH
PATH: /mnt/c/Program Files (x86)/NVIDIA Corporation/PhysX/Common
PATH: /mnt/c/Program Files/NVIDIA Corporation/NVIDIA NvDLISR
PATH: /mnt/c/Program Files/Git/cmd
PATH: /mnt/c/Program Files/CMake/bin
PATH: /mnt/c/Program Files/Docker/Docker/resources/bin
PATH: /mnt/c/ProgramData/DockerDesktop/version-bin
PATH: /mnt/c/Program Files/nodejs
PATH: /mnt/c/Program Files/NVIDIA Corporation/Nsight Compute 2022.2.0
PATH: /mnt/c/Program Files/MATLAB/R2022a/bin
PATH: /mnt/c/Program Files/MySQL/MySQL Shell 8.0/bin
PATH: /mnt/c/Users/ABC/miniconda3
PATH: /mnt/c/Users/ABC/miniconda3/Library/mingw-w64/bin
PATH: /mnt/c/Users/ABC/miniconda3/Library/usr/bin
PATH: /mnt/c/Users/ABC/miniconda3/Library/bin
PATH: /mnt/c/Users/ABC/miniconda3/Scripts
PATH: /mnt/c/Users/ABC/AppData/Local/Microsoft/WindowsApps
PATH: /mnt/c/Program Files/JetBrains/CLion 2022.1.3/bin
PATH: /mnt/c/Program Files/JetBrains/PyCharm 2022.1.3/bin
PATH: /mnt/c/Program Files/Multipass/bin
PATH: /mnt/c/Program Files/JetBrains/WebStorm 2022.2/bin
PATH: /mnt/c/Users/ABC/AppData/Roaming/npm
PATH: /mnt/c/Program Files/JetBrains/DataGrip 2022.2/bin
PATH: /mnt/c/Program Files/heroku/bin
PATH: /snap/bin
PATH: /mnt/c/Users/ABC/SPTK/bin


## ----------- ##
## Core tests. ##
## ----------- ##

configure:2291: checking for a BSD-compatible install
configure:2359: result: /usr/bin/install -c
configure:2370: checking whether build environment is sane
configure:2425: result: yes
configure:2574: checking for a thread-safe mkdir -p
configure:2613: result: /usr/bin/mkdir -p
configure:2620: checking for gawk
configure:2636: found /usr/bin/gawk
configure:2647: result: gawk
configure:2658: checking whether make sets $(MAKE)
configure:2680: result: yes
configure:2709: checking whether make supports nested variables
configure:2726: result: yes
configure:2904: checking for gcc
configure:2920: found /usr/bin/gcc
configure:2931: result: gcc
configure:3160: checking for C compiler version
configure:3169: gcc --version >&5
gcc (Ubuntu 9.4.0-1ubuntu1~20.04.1) 9.4.0
Copyright (C) 2019 Free Software Foundation, Inc.
This is free software; see the source for copying conditions.  There is NO
warranty; not even for MERCHANTABILITY or FITNESS FOR A PARTICULAR PURPOSE.

configure:3180: $? = 0
configure:3169: gcc -v >&5
Using built-in specs.
COLLECT_GCC=gcc
COLLECT_LTO_WRAPPER=/usr/lib/gcc/x86_64-linux-gnu/9/lto-wrapper
OFFLOAD_TARGET_NAMES=nvptx-none:hsa
OFFLOAD_TARGET_DEFAULT=1
Target: x86_64-linux-gnu
Configured with: ../src/configure -v --with-pkgversion='Ubuntu 9.4.0-1ubuntu1~20.04.1' --with-bugurl=file:///usr/share/doc/gcc-9/README.Bugs --enable-languages=c,ada,c++,go,brig,d,fortran,objc,obj-c++,gm2 --prefix=/usr --with-gcc-major-version-only --program-suffix=-9 --program-prefix=x86_64-linux-gnu- --enable-shared --enable-linker-build-id --libexecdir=/usr/lib --without-included-gettext --enable-threads=posix --libdir=/usr/lib --enable-nls --enable-clocale=gnu --enable-libstdcxx-debug --enable-libstdcxx-time=yes --with-default-libstdcxx-abi=new --enable-gnu-unique-object --disable-vtable-verify --enable-plugin --enable-default-pie --with-system-zlib --with-target-system-zlib=auto --enable-objc-gc=auto --enable-multiarch --disable-werror --with-arch-32=i686 --with-abi=m64 --with-multilib-list=m32,m64,mx32 --enable-multilib --with-tune=generic --enable-offload-targets=nvptx-none=/build/gcc-9-Av3uEd/gcc-9-9.4.0/debian/tmp-nvptx/usr,hsa --without-cuda-driver --enable-checking=release --build=x86_64-linux-gnu --host=x86_64-linux-gnu --target=x86_64-linux-gnu
Thread model: posix
gcc version 9.4.0 (Ubuntu 9.4.0-1ubuntu1~20.04.1) 
configure:3180: $? = 0
configure:3169: gcc -V >&5
gcc: error: unrecognized command line option '-V'
gcc: fatal error: no input files
compilation terminated.
configure:3180: $? = 1
configure:3169: gcc -qversion >&5
gcc: error: unrecognized command line option '-qversion'; did you mean '--version'?
gcc: fatal error: no input files
compilation terminated.
configure:3180: $? = 1
configure:3200: checking whether the C compiler works
configure:3222: gcc    conftest.c  >&5
configure:3226: $? = 0
configure:3274: result: yes
configure:3277: checking for C compiler default output file name
configure:3279: result: a.out
configure:3285: checking for suffix of executables
configure:3292: gcc -o conftest    conftest.c  >&5
configure:3296: $? = 0
configure:3318: result: 
configure:3340: checking whether we are cross compiling
configure:3348: gcc -o conftest    conftest.c  >&5
configure:3352: $? = 0
configure:3359: ./conftest
configure:3363: $? = 0
configure:3351: result: no
configure:3356: checking for suffix of object files
configure:3378: gcc -c   conftest.c >&5
configure:3382: $? = 0
configure:3403: result: o
configure:3407: checking whether we are using the GNU C compiler
configure:3426: gcc -c   conftest.c >&5
configure:3426: $? = 0
configure:3435: result: yes
configure:3444: checking whether gcc accepts -g
configure:3464: gcc -c -g  conftest.c >&5
configure:3464: $? = 0
configure:3505: result: yes
configure:3522: checking for gcc option to accept ISO C89
configure:3585: gcc  -c -g -O2  conftest.c >&5
configure:3585: $? = 0
configure:3598: result: none needed
configure:3623: checking whether gcc understands -c and -o together
configure:3645: gcc -c conftest.c -o conftest2.o
configure:3648: $? = 0
configure:3645: gcc -c conftest.c -o conftest2.o
configure:3648: $? = 0
configure:3660: result: yes
configure:3688: checking for style of include used by make
configure:3716: result: GNU
configure:3742: checking dependency style of gcc
configure:3853: result: gcc3
configure:3870: checking whether ln -s works
configure:3874: result: yes
configure:3924: checking for ranlib
configure:3940: found /usr/bin/ranlib
configure:3951: result: ranlib
configure:4019: checking for ar
configure:4035: found /usr/bin/ar
configure:4046: result: ar
configure:4070: checking for csh
configure:4088: found /usr/bin/csh
configure:4101: result: /usr/bin/csh
configure:4115: checking for log in -lm
configure:4140: gcc -o conftest -g -O2   conftest.c -lm   >&5
conftest.c:18:6: warning: conflicting types for built-in function 'log'; expected 'double(double)' [-Wbuiltin-declaration-mismatch]
   18 | char log ();
      |      ^~~
conftest.c:1:1: note: 'log' is declared in header '<math.h>'
    1 | /* confdefs.h */
configure:4140: $? = 0
configure:4149: result: yes
configure:4169: checking how to run the C preprocessor
configure:4200: gcc -E  conftest.c
configure:4200: $? = 0
configure:4214: gcc -E  conftest.c
conftest.c:12:10: fatal error: ac_nonexistent.h: No such file or directory
   12 | #include <ac_nonexistent.h>
      |          ^~~~~~~~~~~~~~~~~~
compilation terminated.
configure:4214: $? = 1
configure: failed program was:
| /* confdefs.h */
| #define PACKAGE_NAME "SPTK"
| #define PACKAGE_TARNAME "SPTK"
| #define PACKAGE_VERSION "3.9"
| #define PACKAGE_STRING "SPTK 3.9"
| #define PACKAGE_BUGREPORT "http://sourceforge.net/projects/sp-tk/"
| #define PACKAGE_URL ""
| #define PACKAGE "SPTK"
| #define VERSION "3.9"
| #define HAVE_LIBM 1
| /* end confdefs.h.  */
| #include <ac_nonexistent.h>
configure:4239: result: gcc -E
configure:4259: gcc -E  conftest.c
configure:4259: $? = 0
configure:4273: gcc -E  conftest.c
conftest.c:12:10: fatal error: ac_nonexistent.h: No such file or directory
   12 | #include <ac_nonexistent.h>
      |          ^~~~~~~~~~~~~~~~~~
compilation terminated.
configure:4273: $? = 1
configure: failed program was:
| /* confdefs.h */
| #define PACKAGE_NAME "SPTK"
| #define PACKAGE_TARNAME "SPTK"
| #define PACKAGE_VERSION "3.9"
| #define PACKAGE_STRING "SPTK 3.9"
| #define PACKAGE_BUGREPORT "http://sourceforge.net/projects/sp-tk/"
| #define PACKAGE_URL ""
| #define PACKAGE "SPTK"
| #define VERSION "3.9"
| #define HAVE_LIBM 1
| /* end confdefs.h.  */
| #include <ac_nonexistent.h>
configure:4302: checking for X
configure:4410: gcc -E  conftest.c
conftest.c:12:10: fatal error: X11/Xlib.h: No such file or directory
   12 | #include <X11/Xlib.h>
      |          ^~~~~~~~~~~~
compilation terminated.
configure:4410: $? = 1
configure: failed program was:
| /* confdefs.h */
| #define PACKAGE_NAME "SPTK"
| #define PACKAGE_TARNAME "SPTK"
| #define PACKAGE_VERSION "3.9"
| #define PACKAGE_STRING "SPTK 3.9"
| #define PACKAGE_BUGREPORT "http://sourceforge.net/projects/sp-tk/"
| #define PACKAGE_URL ""
| #define PACKAGE "SPTK"
| #define VERSION "3.9"
| #define HAVE_LIBM 1
| /* end confdefs.h.  */
| #include <X11/Xlib.h>
configure:4441: gcc -o conftest -g -O2   conftest.c -lX11 -lm  >&5
conftest.c:12:10: fatal error: X11/Xlib.h: No such file or directory
   12 | #include <X11/Xlib.h>
      |          ^~~~~~~~~~~~
compilation terminated.
configure:4441: $? = 1
configure: failed program was:
| /* confdefs.h */
| #define PACKAGE_NAME "SPTK"
| #define PACKAGE_TARNAME "SPTK"
| #define PACKAGE_VERSION "3.9"
| #define PACKAGE_STRING "SPTK 3.9"
| #define PACKAGE_BUGREPORT "http://sourceforge.net/projects/sp-tk/"
| #define PACKAGE_URL ""
| #define PACKAGE "SPTK"
| #define VERSION "3.9"
| #define HAVE_LIBM 1
| /* end confdefs.h.  */
| #include <X11/Xlib.h>
| int
| main ()
| {
| XrmInitialize ()
|   ;
|   return 0;
| }
configure:4480: result: no
configure:5007: checking for grep that handles long lines and -e
configure:5065: result: /usr/bin/grep
configure:5070: checking for egrep
configure:5132: result: /usr/bin/grep -E
configure:5137: checking for ANSI C header files
configure:5157: gcc -c -g -O2  conftest.c >&5
configure:5157: $? = 0
configure:5230: gcc -o conftest -g -O2   conftest.c -lm  >&5
configure:5230: $? = 0
configure:5230: ./conftest
configure:5230: $? = 0
configure:5241: result: yes
configure:5254: checking for sys/types.h
configure:5254: gcc -c -g -O2  conftest.c >&5
configure:5254: $? = 0
configure:5254: result: yes
configure:5254: checking for sys/stat.h
configure:5254: gcc -c -g -O2  conftest.c >&5
configure:5254: $? = 0
configure:5254: result: yes
configure:5254: checking for stdlib.h
configure:5254: gcc -c -g -O2  conftest.c >&5
configure:5254: $? = 0
configure:5254: result: yes
configure:5254: checking for string.h
configure:5254: gcc -c -g -O2  conftest.c >&5
configure:5254: $? = 0
configure:5254: result: yes
configure:5254: checking for memory.h
configure:5254: gcc -c -g -O2  conftest.c >&5
configure:5254: $? = 0
configure:5254: result: yes
configure:5254: checking for strings.h
configure:5254: gcc -c -g -O2  conftest.c >&5
configure:5254: $? = 0
configure:5254: result: yes
configure:5254: checking for inttypes.h
configure:5254: gcc -c -g -O2  conftest.c >&5
configure:5254: $? = 0
configure:5254: result: yes
configure:5254: checking for stdint.h
configure:5254: gcc -c -g -O2  conftest.c >&5
configure:5254: $? = 0
configure:5254: result: yes
configure:5254: checking for unistd.h
configure:5254: gcc -c -g -O2  conftest.c >&5
configure:5254: $? = 0
configure:5254: result: yes
configure:5269: checking fcntl.h usability
configure:5269: gcc -c -g -O2  conftest.c >&5
configure:5269: $? = 0
configure:5269: result: yes
configure:5269: checking fcntl.h presence
configure:5269: gcc -E  conftest.c
configure:5269: $? = 0
configure:5269: result: yes
configure:5269: checking for fcntl.h
configure:5269: result: yes
configure:5269: checking limits.h usability
configure:5269: gcc -c -g -O2  conftest.c >&5
configure:5269: $? = 0
configure:5269: result: yes
configure:5269: checking limits.h presence
configure:5269: gcc -E  conftest.c
configure:5269: $? = 0
configure:5269: result: yes
configure:5269: checking for limits.h
configure:5269: result: yes
configure:5269: checking for stdlib.h
configure:5269: result: yes
configure:5269: checking for string.h
configure:5269: result: yes
configure:5269: checking for strings.h
configure:5269: result: yes
configure:5269: checking sys/ioctl.h usability
configure:5269: gcc -c -g -O2  conftest.c >&5
configure:5269: $? = 0
configure:5269: result: yes
configure:5269: checking sys/ioctl.h presence
configure:5269: gcc -E  conftest.c
configure:5269: $? = 0
configure:5269: result: yes
configure:5269: checking for sys/ioctl.h
configure:5269: result: yes
configure:5282: checking for an ANSI C-conforming const
configure:5348: gcc -c -g -O2  conftest.c >&5
configure:5348: $? = 0
configure:5355: result: yes
configure:5363: checking for size_t
configure:5363: gcc -c -g -O2  conftest.c >&5
configure:5363: $? = 0
configure:5363: gcc -c -g -O2  conftest.c >&5
conftest.c: In function 'main':
conftest.c:65:21: error: expected expression before ')' token
   65 | if (sizeof ((size_t)))
      |                     ^
configure:5363: $? = 1
configure: failed program was:
| /* confdefs.h */
| #define PACKAGE_NAME "SPTK"
| #define PACKAGE_TARNAME "SPTK"
| #define PACKAGE_VERSION "3.9"
| #define PACKAGE_STRING "SPTK 3.9"
| #define PACKAGE_BUGREPORT "http://sourceforge.net/projects/sp-tk/"
| #define PACKAGE_URL ""
| #define PACKAGE "SPTK"
| #define VERSION "3.9"
| #define HAVE_LIBM 1
| #define X_DISPLAY_MISSING 1
| #define STDC_HEADERS 1
| #define HAVE_SYS_TYPES_H 1
| #define HAVE_SYS_STAT_H 1
| #define HAVE_STDLIB_H 1
| #define HAVE_STRING_H 1
| #define HAVE_MEMORY_H 1
| #define HAVE_STRINGS_H 1
| #define HAVE_INTTYPES_H 1
| #define HAVE_STDINT_H 1
| #define HAVE_UNISTD_H 1
| #define HAVE_FCNTL_H 1
| #define HAVE_LIMITS_H 1
| #define HAVE_STDLIB_H 1
| #define HAVE_STRING_H 1
| #define HAVE_STRINGS_H 1
| #define HAVE_SYS_IOCTL_H 1
| /* end confdefs.h.  */
| #include <stdio.h>
| #ifdef HAVE_SYS_TYPES_H
| # include <sys/types.h>
| #endif
| #ifdef HAVE_SYS_STAT_H
| # include <sys/stat.h>
| #endif
| #ifdef STDC_HEADERS
| # include <stdlib.h>
| # include <stddef.h>
| #else
| # ifdef HAVE_STDLIB_H
| #  include <stdlib.h>
| # endif
| #endif
| #ifdef HAVE_STRING_H
| # if !defined STDC_HEADERS && defined HAVE_MEMORY_H
| #  include <memory.h>
| # endif
| # include <string.h>
| #endif
| #ifdef HAVE_STRINGS_H
| # include <strings.h>
| #endif
| #ifdef HAVE_INTTYPES_H
| # include <inttypes.h>
| #endif
| #ifdef HAVE_STDINT_H
| # include <stdint.h>
| #endif
| #ifdef HAVE_UNISTD_H
| # include <unistd.h>
| #endif
| int
| main ()
| {
| if (sizeof ((size_t)))
| 	    return 0;
|   ;
|   return 0;
| }
configure:5363: result: yes
configure:5380: checking build system type
configure:5394: result: x86_64-unknown-linux-gnu
configure:5414: checking host system type
configure:5427: result: x86_64-unknown-linux-gnu
configure:5450: checking whether gcc needs -traditional
configure:5484: result: no
configure:5493: checking for stdlib.h
configure:5493: result: yes
configure:5503: checking for GNU libc compatible malloc
configure:5527: gcc -o conftest -g -O2   conftest.c -lm  >&5
configure:5527: $? = 0
configure:5527: ./conftest
configure:5527: $? = 0
configure:5537: result: yes
configure:5558: checking for working strtod
configure:5599: gcc -o conftest -g -O2   conftest.c -lm  >&5
configure:5599: $? = 0
configure:5599: ./conftest
configure:5599: $? = 0
configure:5609: result: yes
configure:5671: checking for pow
configure:5671: gcc -o conftest -g -O2   conftest.c -lm  >&5
conftest.c:54:6: warning: conflicting types for built-in function 'pow'; expected 'double(double,  double)' [-Wbuiltin-declaration-mismatch]
   54 | char pow ();
      |      ^~~
conftest.c:42:1: note: 'pow' is declared in header '<math.h>'
   41 | # include <limits.h>
   42 | #else
configure:5671: $? = 0
configure:5671: result: yes
configure:5678: checking for sqrt
configure:5678: gcc -o conftest -g -O2   conftest.c -lm  >&5
conftest.c:54:6: warning: conflicting types for built-in function 'sqrt'; expected 'double(double)' [-Wbuiltin-declaration-mismatch]
   54 | char sqrt ();
      |      ^~~~
conftest.c:42:1: note: 'sqrt' is declared in header '<math.h>'
   41 | # include <limits.h>
   42 | #else
configure:5678: $? = 0
configure:5678: result: yes
configure:5691: checking for bzero
configure:5691: gcc -o conftest -g -O2   conftest.c -lm  >&5
conftest.c:54:6: warning: conflicting types for built-in function 'bzero'; expected 'void(void *, long unsigned int)' [-Wbuiltin-declaration-mismatch]
   54 | char bzero ();
      |      ^~~~~
configure:5691: $? = 0
configure:5691: result: yes
configure:5691: checking for memset
configure:5691: gcc -o conftest -g -O2   conftest.c -lm  >&5
conftest.c:55:6: warning: conflicting types for built-in function 'memset'; expected 'void *(void *, int,  long unsigned int)' [-Wbuiltin-declaration-mismatch]
   55 | char memset ();
      |      ^~~~~~
conftest.c:43:1: note: 'memset' is declared in header '<string.h>'
   42 | # include <limits.h>
   43 | #else
configure:5691: $? = 0
configure:5691: result: yes
configure:5703: checking for strrchr
configure:5703: gcc -o conftest -g -O2   conftest.c -lm  >&5
conftest.c:56:6: warning: conflicting types for built-in function 'strrchr'; expected 'char *(const char *, int)' [-Wbuiltin-declaration-mismatch]
   56 | char strrchr ();
      |      ^~~~~~~
conftest.c:44:1: note: 'strrchr' is declared in header '<string.h>'
   43 | # include <limits.h>
   44 | #else
configure:5703: $? = 0
configure:5703: result: yes
configure:5703: checking for rindex
configure:5703: gcc -o conftest -g -O2   conftest.c -lm  >&5
conftest.c:57:6: warning: conflicting types for built-in function 'rindex'; expected 'char *(const char *, int)' [-Wbuiltin-declaration-mismatch]
   57 | char rindex ();
      |      ^~~~~~
configure:5703: $? = 0
configure:5703: result: yes
configure:5758: checking audio device
configure:5804: result: linux
configure:5806: checking sys/soundcard.h usability
configure:5806: gcc -c -g -O2  conftest.c >&5
configure:5806: $? = 0
configure:5806: result: yes
configure:5806: checking sys/soundcard.h presence
configure:5806: gcc -E  conftest.c
configure:5806: $? = 0
configure:5806: result: yes
configure:5806: checking for sys/soundcard.h
configure:5806: result: yes
configure:6080: checking that generated files are newer than configure
configure:6086: result: done
configure:6145: creating ./config.status

## ---------------------- ##
## Running config.status. ##
## ---------------------- ##

This file was extended by SPTK config.status 3.9, which was
generated by GNU Autoconf 2.69.  Invocation command line was

  CONFIG_FILES    = 
  CONFIG_HEADERS  = 
  CONFIG_LINKS    = 
  CONFIG_COMMANDS = 
  $ ./config.status 

on DESKTOP-5LRCCAN

config.status:922: creating Makefile
config.status:922: creating bin/Makefile
config.status:922: creating bin/acep/Makefile
config.status:922: creating bin/acorr/Makefile
config.status:922: creating bin/agcep/Makefile
config.status:922: creating bin/amcep/Makefile
config.status:922: creating bin/average/Makefile
config.status:922: creating bin/b2mc/Makefile
config.status:922: creating bin/bcp/Makefile
config.status:922: creating bin/bcut/Makefile
config.status:922: creating bin/c2acr/Makefile
config.status:922: creating bin/c2ir/Makefile
config.status:922: creating bin/c2ndps/Makefile
config.status:922: creating bin/c2sp/Makefile
config.status:922: creating bin/cat2/Makefile
config.status:922: creating bin/cdist/Makefile
config.status:922: creating bin/clip/Makefile
config.status:922: creating bin/da/Makefile
config.status:922: creating bin/dct/Makefile
config.status:922: creating bin/decimate/Makefile
config.status:922: creating bin/delay/Makefile
config.status:922: creating bin/delta/Makefile
config.status:922: creating bin/df2/Makefile
config.status:922: creating bin/dfs/Makefile
config.status:922: creating bin/dmp/Makefile
config.status:922: creating bin/ds/Makefile
config.status:922: creating bin/dtw/Makefile
config.status:922: creating bin/echo2/Makefile
config.status:922: creating bin/excite/Makefile
config.status:922: creating bin/extract/Makefile
config.status:922: creating bin/fd/Makefile
config.status:922: creating bin/fft/Makefile
config.status:922: creating bin/fft2/Makefile
config.status:922: creating bin/fftcep/Makefile
config.status:922: creating bin/fftr/Makefile
config.status:922: creating bin/fftr2/Makefile
config.status:922: creating bin/fig+fdrw/Makefile
config.status:922: creating bin/frame/Makefile
config.status:922: creating bin/freqt/Makefile
config.status:922: creating bin/gc2gc/Makefile
config.status:922: creating bin/gcep/Makefile
config.status:922: creating bin/glsadf/Makefile
config.status:922: creating bin/gmm/Makefile
config.status:922: creating bin/gnorm/Makefile
config.status:922: creating bin/grpdelay/Makefile
config.status:922: creating bin/histogram/Makefile
config.status:922: creating bin/idct/Makefile
config.status:922: creating bin/ifft/Makefile
config.status:922: creating bin/ifftr/Makefile
config.status:922: creating bin/ifft2/Makefile
config.status:922: creating bin/ignorm/Makefile
config.status:922: creating bin/impulse/Makefile
config.status:922: creating bin/imsvq/Makefile
config.status:922: creating bin/interpolate/Makefile
config.status:922: creating bin/ivq/Makefile
config.status:922: creating bin/lbg/Makefile
config.status:922: creating bin/levdur/Makefile
config.status:922: creating bin/linear_intpl/Makefile
config.status:922: creating bin/lmadf/Makefile
config.status:922: creating bin/lpc/Makefile
config.status:922: creating bin/lpc2c/Makefile
config.status:922: creating bin/lpc2lsp/Makefile
config.status:922: creating bin/lpc2par/Makefile
config.status:922: creating bin/lsp2lpc/Makefile
config.status:922: creating bin/lsp2sp/Makefile
config.status:922: creating bin/lspcheck/Makefile
config.status:922: creating bin/lspdf/Makefile
config.status:922: creating bin/ltcdf/Makefile
config.status:922: creating bin/mc2b/Makefile
config.status:922: creating bin/mcep/Makefile
config.status:922: creating bin/merge/Makefile
config.status:922: creating bin/mfcc/Makefile
config.status:922: creating bin/mgc2mgc/Makefile
config.status:922: creating bin/mgc2sp/Makefile
config.status:922: creating bin/mgclsp2sp/Makefile
config.status:922: creating bin/mgcep/Makefile
config.status:922: creating bin/mglsadf/Makefile
config.status:922: creating bin/minmax/Makefile
config.status:922: creating bin/mlpg/Makefile
config.status:922: creating bin/mlsacheck/Makefile
config.status:922: creating bin/mlsadf/Makefile
config.status:922: creating bin/msvq/Makefile
config.status:922: creating bin/nan/Makefile
config.status:922: creating bin/ndps2c/Makefile
config.status:922: creating bin/norm0/Makefile
config.status:922: creating bin/nrand/Makefile
config.status:922: creating bin/par2lpc/Makefile
config.status:922: creating bin/pca/Makefile
config.status:922: creating bin/phase/Makefile
config.status:922: creating bin/pitch/Makefile
config.status:922: creating bin/poledf/Makefile
config.status:922: creating bin/psgr/Makefile
config.status:922: creating bin/ramp/Makefile
config.status:922: creating bin/rawtowav/Makefile
config.status:922: creating bin/reverse/Makefile
config.status:922: creating bin/rmse/Makefile
config.status:922: creating bin/root_pol/Makefile
config.status:922: creating bin/sin/Makefile
config.status:922: creating bin/smcep/Makefile
config.status:922: creating bin/snr/Makefile
config.status:922: creating bin/sopr/Makefile
config.status:922: creating bin/spec/Makefile
config.status:922: creating bin/step/Makefile
config.status:922: creating bin/swab/Makefile
config.status:922: creating bin/symmetrize/Makefile
config.status:922: creating bin/train/Makefile
config.status:922: creating bin/transpose/Makefile
config.status:922: creating bin/uels/Makefile
config.status:922: creating bin/ulaw/Makefile
config.status:922: creating bin/us/Makefile
config.status:922: creating bin/vc/Makefile
config.status:922: creating bin/vopr/Makefile
config.status:922: creating bin/vq/Makefile
config.status:922: creating bin/vstat/Makefile
config.status:922: creating bin/vsum/Makefile
config.status:922: creating bin/wavjoin/Makefile
config.status:922: creating bin/wavsplit/Makefile
config.status:922: creating bin/window/Makefile
config.status:922: creating bin/x2x/Makefile
config.status:922: creating bin/xgr/Makefile
config.status:922: creating bin/zcross/Makefile
config.status:922: creating bin/zerodf/Makefile
config.status:922: creating include/Makefile
config.status:922: creating lib/Makefile
config.status:922: creating script/Makefile
config.status:1094: executing depfiles commands

## ---------------- ##
## Cache variables. ##
## ---------------- ##

ac_cv_build=x86_64-unknown-linux-gnu
ac_cv_c_compiler_gnu=yes
ac_cv_c_const=yes
ac_cv_env_CC_set=
ac_cv_env_CC_value=
ac_cv_env_CFLAGS_set=
ac_cv_env_CFLAGS_value=
ac_cv_env_CPPFLAGS_set=
ac_cv_env_CPPFLAGS_value=
ac_cv_env_CPP_set=
ac_cv_env_CPP_value=
ac_cv_env_LDFLAGS_set=
ac_cv_env_LDFLAGS_value=
ac_cv_env_LIBS_set=
ac_cv_env_LIBS_value=
ac_cv_env_XMKMF_set=
ac_cv_env_XMKMF_value=
ac_cv_env_build_alias_set=
ac_cv_env_build_alias_value=
ac_cv_env_host_alias_set=
ac_cv_env_host_alias_value=
ac_cv_env_target_alias_set=
ac_cv_env_target_alias_value=
ac_cv_func_bzero=yes
ac_cv_func_malloc_0_nonnull=yes
ac_cv_func_memset=yes
ac_cv_func_pow=yes
ac_cv_func_rindex=yes
ac_cv_func_sqrt=yes
ac_cv_func_strrchr=yes
ac_cv_func_strtod=yes
ac_cv_have_x=have_x=no
ac_cv_header_fcntl_h=yes
ac_cv_header_inttypes_h=yes
ac_cv_header_limits_h=yes
ac_cv_header_memory_h=yes
ac_cv_header_stdc=yes
ac_cv_header_stdint_h=yes
ac_cv_header_stdlib_h=yes
ac_cv_header_string_h=yes
ac_cv_header_strings_h=yes
ac_cv_header_sys_ioctl_h=yes
ac_cv_header_sys_soundcard_h=yes
ac_cv_header_sys_stat_h=yes
ac_cv_header_sys_types_h=yes
ac_cv_header_unistd_h=yes
ac_cv_host=x86_64-unknown-linux-gnu
ac_cv_lib_m_log=yes
ac_cv_objext=o
ac_cv_path_CSH=/usr/bin/csh
ac_cv_path_EGREP='/usr/bin/grep -E'
ac_cv_path_GREP=/usr/bin/grep
ac_cv_path_install='/usr/bin/install -c'
ac_cv_path_mkdir=/usr/bin/mkdir
ac_cv_prog_AWK=gawk
ac_cv_prog_CPP='gcc -E'
ac_cv_prog_ac_ct_AR=ar
ac_cv_prog_ac_ct_CC=gcc
ac_cv_prog_ac_ct_RANLIB=ranlib
ac_cv_prog_cc_c89=
ac_cv_prog_cc_g=yes
ac_cv_prog_gcc_traditional=no
ac_cv_prog_make_make_set=yes
ac_cv_type_size_t=yes
am_cv_CC_dependencies_compiler_type=gcc3
am_cv_make_support_nested_variables=yes
am_cv_prog_cc_c_o=yes

## ----------------- ##
## Output variables. ##
## ----------------- ##

ACLOCAL='${SHELL} /mnt/c/Users/ABC/TTS/03_spss/tools/SPTK-3.9/config/missing aclocal-1.15'
AMDEPBACKSLASH='\'
AMDEP_FALSE='#'
AMDEP_TRUE=''
AMTAR='$${TAR-tar}'
AM_BACKSLASH='\'
AM_DEFAULT_V='$(AM_DEFAULT_VERBOSITY)'
AM_DEFAULT_VERBOSITY='1'
AM_V='$(V)'
AR='ar'
AUTOCONF='${SHELL} /mnt/c/Users/ABC/TTS/03_spss/tools/SPTK-3.9/config/missing autoconf'
AUTOHEADER='${SHELL} /mnt/c/Users/ABC/TTS/03_spss/tools/SPTK-3.9/config/missing autoheader'
AUTOMAKE='${SHELL} /mnt/c/Users/ABC/TTS/03_spss/tools/SPTK-3.9/config/missing automake-1.15'
AWK='gawk'
CC='gcc'
CCDEPMODE='depmode=gcc3'
CFLAGS='-g -O2'
CPP='gcc -E'
CPPFLAGS=''
CSH='/usr/bin/csh'
CYGPATH_W='echo'
DEFS='-DPACKAGE_NAME=\"SPTK\" -DPACKAGE_TARNAME=\"SPTK\" -DPACKAGE_VERSION=\"3.9\" -DPACKAGE_STRING=\"SPTK\ 3.9\" -DPACKAGE_BUGREPORT=\"http://sourceforge.net/projects/sp-tk/\" -DPACKAGE_URL=\"\" -DPACKAGE=\"SPTK\" -DVERSION=\"3.9\" -DHAVE_LIBM=1 -DX_DISPLAY_MISSING=1 -DSTDC_HEADERS=1 -DHAVE_SYS_TYPES_H=1 -DHAVE_SYS_STAT_H=1 -DHAVE_STDLIB_H=1 -DHAVE_STRING_H=1 -DHAVE_MEMORY_H=1 -DHAVE_STRINGS_H=1 -DHAVE_INTTYPES_H=1 -DHAVE_STDINT_H=1 -DHAVE_UNISTD_H=1 -DHAVE_FCNTL_H=1 -DHAVE_LIMITS_H=1 -DHAVE_STDLIB_H=1 -DHAVE_STRING_H=1 -DHAVE_STRINGS_H=1 -DHAVE_SYS_IOCTL_H=1 -DHAVE_STDLIB_H=1 -DHAVE_MALLOC=1 -DHAVE_BZERO=1 -DHAVE_MEMSET=1 -DHAVE_STRRCHR=1 -DHAVE_RINDEX=1 -DFORMAT=\"float\" -DLINUX=1'
DEPDIR='.deps'
ECHO_C=''
ECHO_N='-n'
ECHO_T=''
EGREP='/usr/bin/grep -E'
EXEEXT=''
GREP='/usr/bin/grep'
INSTALL_DATA='${INSTALL} -m 644'
INSTALL_PROGRAM='${INSTALL}'
INSTALL_SCRIPT='${INSTALL}'
INSTALL_STRIP_PROGRAM='$(install_sh) -c -s'
IO_FORMAT='float'
IO_SYMBOL='f'
LDFLAGS=''
LIBOBJS=''
LIBS='-lm '
LN_S='ln -s'
LTLIBOBJS=''
MAKEINFO='${SHELL} /mnt/c/Users/ABC/TTS/03_spss/tools/SPTK-3.9/config/missing makeinfo'
MKDIR_P='/usr/bin/mkdir -p'
OBJEXT='o'
PACKAGE='SPTK'
PACKAGE_BUGREPORT='http://sourceforge.net/projects/sp-tk/'
PACKAGE_NAME='SPTK'
PACKAGE_STRING='SPTK 3.9'
PACKAGE_TARNAME='SPTK'
PACKAGE_URL=''
PACKAGE_VERSION='3.9'
PATH_SEPARATOR=':'
POW_LIB=''
RANLIB='ranlib'
SET_MAKE=''
SHELL='/bin/bash'
STRIP=''
USEDA_FALSE='#'
USEDA_TRUE=''
USEXGR_FALSE=''
USEXGR_TRUE='#'
VERSION='3.9'
XMKMF=''
X_CFLAGS=''
X_EXTRA_LIBS=''
X_LIBS=''
X_PRE_LIBS=''
ac_ct_CC='gcc'
am__EXEEXT_FALSE=''
am__EXEEXT_TRUE='#'
am__fastdepCC_FALSE='#'
am__fastdepCC_TRUE=''
am__include='include'
am__isrc=''
am__leading_dot='.'
am__nodep='_no'
am__quote=''
am__tar='$${TAR-tar} chof - "$$tardir"'
am__untar='$${TAR-tar} xf -'
bindir='${exec_prefix}/bin'
build='x86_64-unknown-linux-gnu'
build_alias=''
build_cpu='x86_64'
build_os='linux-gnu'
build_vendor='unknown'
datadir='${datarootdir}'
datarootdir='${prefix}/share'
docdir='${datarootdir}/doc/${PACKAGE_TARNAME}'
dvidir='${docdir}'
exec_prefix='${prefix}'
host='x86_64-unknown-linux-gnu'
host_alias=''
host_cpu='x86_64'
host_os='linux-gnu'
host_vendor='unknown'
htmldir='${docdir}'
includedir='${prefix}/include'
infodir='${datarootdir}/info'
install_sh='${SHELL} /mnt/c/Users/ABC/TTS/03_spss/tools/SPTK-3.9/config/install-sh'
libdir='${exec_prefix}/lib'
libexecdir='${exec_prefix}/libexec'
localedir='${datarootdir}/locale'
localstatedir='${prefix}/var'
mandir='${datarootdir}/man'
mkdir_p='$(MKDIR_P)'
oldincludedir='/usr/include'
pdfdir='${docdir}'
prefix='/mnt/c/Users/ABC/TTS/03_spss/tools/SPTK-3.9/build'
program_transform_name='s,x,x,'
psdir='${docdir}'
sbindir='${exec_prefix}/sbin'
sharedstatedir='${prefix}/com'
sysconfdir='${prefix}/etc'
target_alias=''

## ----------- ##
## confdefs.h. ##
## ----------- ##

/* confdefs.h */
#define PACKAGE_NAME "SPTK"
#define PACKAGE_TARNAME "SPTK"
#define PACKAGE_VERSION "3.9"
#define PACKAGE_STRING "SPTK 3.9"
#define PACKAGE_BUGREPORT "http://sourceforge.net/projects/sp-tk/"
#define PACKAGE_URL ""
#define PACKAGE "SPTK"
#define VERSION "3.9"
#define HAVE_LIBM 1
#define X_DISPLAY_MISSING 1
#define STDC_HEADERS 1
#define HAVE_SYS_TYPES_H 1
#define HAVE_SYS_STAT_H 1
#define HAVE_STDLIB_H 1
#define HAVE_STRING_H 1
#define HAVE_MEMORY_H 1
#define HAVE_STRINGS_H 1
#define HAVE_INTTYPES_H 1
#define HAVE_STDINT_H 1
#define HAVE_UNISTD_H 1
#define HAVE_FCNTL_H 1
#define HAVE_LIMITS_H 1
#define HAVE_STDLIB_H 1
#define HAVE_STRING_H 1
#define HAVE_STRINGS_H 1
#define HAVE_SYS_IOCTL_H 1
#define HAVE_STDLIB_H 1
#define HAVE_MALLOC 1
#define HAVE_BZERO 1
#define HAVE_MEMSET 1
#define HAVE_STRRCHR 1
#define HAVE_RINDEX 1
#define FORMAT "float"
#define LINUX 1

configure: exit 0
